[4290:4290:0209/152009.722927:ERROR:x11_input_method_context_impl_gtk.cc(144)] Not implemented reached in virtual void libgtkui::X11InputMethodContextImplGtk::SetSurroundingText(const base::string16 &, const gfx::Range &)
[4290:4324:0209/152123.543853:ERROR:extension_protocols.cc(568)] Allowing load of chrome-extension://cfhdojbkjhnklbpkdaibdccddilifddb/include.preload.js.mapfrom unknown origin. Could not find user data for request.
[4290:4324:0209/152123.549161:ERROR:extension_protocols.cc(568)] Allowing load of chrome-extension://cfhdojbkjhnklbpkdaibdccddilifddb/include.postload.js.mapfrom unknown origin. Could not find user data for request.
[4290:4324:0209/152123.573011:ERROR:extension_protocols.cc(568)] Allowing load of chrome-extension://cfhdojbkjhnklbpkdaibdccddilifddb/include.preload.js.mapfrom unknown origin. Could not find user data for request.
[4290:4324:0209/152123.573519:ERROR:extension_protocols.cc(568)] Allowing load of chrome-extension://cfhdojbkjhnklbpkdaibdccddilifddb/include.postload.js.mapfrom unknown origin. Could not find user data for request.
[4290:4324:0209/152123.579985:ERROR:extension_protocols.cc(568)] Allowing load of chrome-extension://cfhdojbkjhnklbpkdaibdccddilifddb/include.preload.js.mapfrom unknown origin. Could not find user data for request.
[4290:4324:0209/152123.582623:ERROR:extension_protocols.cc(568)] Allowing load of chrome-extension://cfhdojbkjhnklbpkdaibdccddilifddb/include.postload.js.mapfrom unknown origin. Could not find user data for request.
[4290:4290:0209/154141.999797:ERROR:textfield.cc(1777)] Not implemented reached in virtual bool views::Textfield::ShouldDoLearning()
[4346:4346:0209/154743.862636:ERROR:gles2_cmd_decoder.cc(17611)] [GroupMarkerNotSet(crbug.com/242999)!:A06ED480E00A0000]GL ERROR :GL_INVALID_OPERATION : glCreateAndConsumeTextureCHROMIUM: invalid mailbox name
[4346:4346:0209/154743.862663:ERROR:gles2_cmd_decoder.cc(17611)] [GroupMarkerNotSet(crbug.com/242999)!:A06ED480E00A0000]GL ERROR :GL_INVALID_OPERATION : glCreateAndConsumeTextureCHROMIUM: invalid mailbox name
[4346:4346:0209/154743.862685:ERROR:gles2_cmd_decoder.cc(10219)] [GroupMarkerNotSet(crbug.com/242999)!:A06ED480E00A0000]RENDER WARNING: texture bound to texture unit 0 is not renderable. It maybe non-power-of-2 and have incompatible texture filtering.
[4346:4346:0209/154743.862722:ERROR:gles2_cmd_decoder.cc(10219)] [GroupMarkerNotSet(crbug.com/242999)!:A06ED480E00A0000]RENDER WARNING: texture bound to texture unit 0 is not renderable. It maybe non-power-of-2 and have incompatible texture filtering.
[4290:4324:0209/154804.346975:ERROR:extension_protocols.cc(568)] Allowing load of chrome-extension://cfhdojbkjhnklbpkdaibdccddilifddb/include.preload.js.mapfrom unknown origin. Could not find user data for request.
[4290:4324:0209/154804.599941:ERROR:extension_protocols.cc(568)] Allowing load of chrome-extension://cfhdojbkjhnklbpkdaibdccddilifddb/include.postload.js.mapfrom unknown origin. Could not find user data for request.
[4290:4324:0209/154805.206081:ERROR:extension_protocols.cc(568)] Allowing load of chrome-extension://cfhdojbkjhnklbpkdaibdccddilifddb/include.preload.js.mapfrom unknown origin. Could not find user data for request.
[4290:4324:0209/154805.209401:ERROR:extension_protocols.cc(568)] Allowing load of chrome-extension://cfhdojbkjhnklbpkdaibdccddilifddb/include.postload.js.mapfrom unknown origin. Could not find user data for request.
[4290:4324:0209/154805.321596:ERROR:extension_protocols.cc(568)] Allowing load of chrome-extension://cfhdojbkjhnklbpkdaibdccddilifddb/include.preload.js.mapfrom unknown origin. Could not find user data for request.
[4290:4324:0209/154805.322270:ERROR:extension_protocols.cc(568)] Allowing load of chrome-extension://cfhdojbkjhnklbpkdaibdccddilifddb/include.postload.js.mapfrom unknown origin. Could not find user data for request.
[4290:4290:0209/183113.105401:ERROR:media_internals.cc(114)] Cannot get RenderProcessHost
[4290:4290:0209/183414.352504:ERROR:http_bridge.cc(126)] Not implemented reached in virtual void syncer::HttpBridgeFactory::OnSignalReceived()
Opening in existing browser session.
[31688:31688:0211/000719.808232:ERROR:sandbox_linux.cc(364)] InitializeSandbox() called with multiple threads in process gpu-process.
Opening in existing browser session.
[5055:5055:0212/081504.051342:ERROR:sandbox_linux.cc(364)] InitializeSandbox() called with multiple threads in process gpu-process.
Opening in existing browser session.
[15230:15230:0213/233700.634589:ERROR:sandbox_linux.cc(364)] InitializeSandbox() called with multiple threads in process gpu-process.
[15129:15129:0213/233700.873170:ERROR:x11_input_method_context_impl_gtk.cc(144)] Not implemented reached in virtual void libgtkui::X11InputMethodContextImplGtk::SetSurroundingText(const base::string16 &, const gfx::Range &)
[15129:15438:0213/233701.281801:ERROR:cert_verify_proc_nss.cc(974)] CERT_PKIXVerifyCert for 127.0.0.1 failed err=-8172
[15129:15177:0213/233719.890140:ERROR:extension_protocols.cc(568)] Allowing load of chrome-extension://cfhdojbkjhnklbpkdaibdccddilifddb/include.preload.js.mapfrom unknown origin. Could not find user data for request.
[15129:15177:0213/233719.893392:ERROR:extension_protocols.cc(568)] Allowing load of chrome-extension://cfhdojbkjhnklbpkdaibdccddilifddb/include.postload.js.mapfrom unknown origin. Could not find user data for request.
[15129:15177:0213/234809.944564:ERROR:extension_protocols.cc(568)] Allowing load of chrome-extension://cfhdojbkjhnklbpkdaibdccddilifddb/include.preload.js.mapfrom unknown origin. Could not find user data for request.
[15129:15177:0213/234810.118764:ERROR:extension_protocols.cc(568)] Allowing load of chrome-extension://cfhdojbkjhnklbpkdaibdccddilifddb/include.postload.js.mapfrom unknown origin. Could not find user data for request.
[15129:15177:0213/234831.872593:ERROR:extension_protocols.cc(568)] Allowing load of chrome-extension://cfhdojbkjhnklbpkdaibdccddilifddb/include.preload.js.mapfrom unknown origin. Could not find user data for request.
[15129:15177:0213/234832.056205:ERROR:extension_protocols.cc(568)] Allowing load of chrome-extension://cfhdojbkjhnklbpkdaibdccddilifddb/include.postload.js.mapfrom unknown origin. Could not find user data for request.
[15129:15177:0213/235734.608562:ERROR:extension_protocols.cc(568)] Allowing load of chrome-extension://cfhdojbkjhnklbpkdaibdccddilifddb/include.preload.js.mapfrom unknown origin. Could not find user data for request.
[15129:15177:0213/235734.740524:ERROR:extension_protocols.cc(568)] Allowing load of chrome-extension://cfhdojbkjhnklbpkdaibdccddilifddb/include.postload.js.mapfrom unknown origin. Could not find user data for request.
[15129:15177:0213/235833.611295:ERROR:extension_protocols.cc(568)] Allowing load of chrome-extension://cfhdojbkjhnklbpkdaibdccddilifddb/include.preload.js.mapfrom unknown origin. Could not find user data for request.
[15129:15177:0213/235833.615308:ERROR:extension_protocols.cc(568)] Allowing load of chrome-extension://cfhdojbkjhnklbpkdaibdccddilifddb/include.postload.js.mapfrom unknown origin. Could not find user data for request.
[15230:15230:0214/000631.459204:ERROR:buffer_manager.cc(491)] [GroupMarkerNotSet(crbug.com/242999)!:A057BB1C94340000]GL ERROR :GL_INVALID_OPERATION : glBufferData: <- error from previous GL command
[15129:18881:0214/001142.763291:ERROR:cert_verify_proc_nss.cc(974)] CERT_PKIXVerifyCert for 127.0.0.1 failed err=-8172
[15129:15177:0214/001147.936768:ERROR:extension_protocols.cc(568)] Allowing load of chrome-extension://cfhdojbkjhnklbpkdaibdccddilifddb/include.preload.js.mapfrom unknown origin. Could not find user data for request.
[15129:15177:0214/001147.940465:ERROR:extension_protocols.cc(568)] Allowing load of chrome-extension://cfhdojbkjhnklbpkdaibdccddilifddb/include.postload.js.mapfrom unknown origin. Could not find user data for request.
[15129:15177:0214/001349.598575:ERROR:extension_protocols.cc(568)] Allowing load of chrome-extension://cfhdojbkjhnklbpkdaibdccddilifddb/include.preload.js.mapfrom unknown origin. Could not find user data for request.
[15129:15177:0214/001349.602464:ERROR:extension_protocols.cc(568)] Allowing load of chrome-extension://cfhdojbkjhnklbpkdaibdccddilifddb/include.postload.js.mapfrom unknown origin. Could not find user data for request.
[15230:15230:0214/001409.177802:ERROR:gles2_cmd_decoder.cc(17611)] [GroupMarkerNotSet(crbug.com/242999)!:A098511C94340000]GL ERROR :GL_INVALID_OPERATION : glCreateAndConsumeTextureCHROMIUM: invalid mailbox name
[15230:15230:0214/001409.177833:ERROR:gles2_cmd_decoder.cc(10219)] [GroupMarkerNotSet(crbug.com/242999)!:A098511C94340000]RENDER WARNING: texture bound to texture unit 0 is not renderable. It maybe non-power-of-2 and have incompatible texture filtering.
[15129:15177:0214/004105.700592:ERROR:extension_protocols.cc(568)] Allowing load of chrome-extension://cfhdojbkjhnklbpkdaibdccddilifddb/include.preload.js.mapfrom unknown origin. Could not find user data for request.
[15129:15177:0214/004105.882555:ERROR:extension_protocols.cc(568)] Allowing load of chrome-extension://cfhdojbkjhnklbpkdaibdccddilifddb/include.postload.js.mapfrom unknown origin. Could not find user data for request.
[15129:15129:0214/004718.837218:ERROR:media_internals.cc(114)] Cannot get RenderProcessHost
[15129:15129:0214/004721.521326:ERROR:http_bridge.cc(126)] Not implemented reached in virtual void syncer::HttpBridgeFactory::OnSignalReceived()
[26239:26239:0216/102741.012624:ERROR:sandbox_linux.cc(364)] InitializeSandbox() called with multiple threads in process gpu-process.
Opening in existing browser session.
[3145:3145:0216/225625.934565:ERROR:sandbox_linux.cc(364)] InitializeSandbox() called with multiple threads in process gpu-process.
[3084:3125:0216/225625.936711:ERROR:browser_process_sub_thread.cc(209)] Waited 5 ms for network service
Opening in existing browser session.
[25366:25366:0217/145806.683236:ERROR:sandbox_linux.cc(364)] InitializeSandbox() called with multiple threads in process gpu-process.
[25307:25348:0217/145806.689429:ERROR:browser_process_sub_thread.cc(209)] Waited 10 ms for network service
Opening in existing browser session.
[1517:1517:0217/163235.519718:ERROR:sandbox_linux.cc(364)] InitializeSandbox() called with multiple threads in process gpu-process.
[1400:1462:0217/163235.550459:ERROR:browser_process_sub_thread.cc(209)] Waited 7 ms for network service
Opening in existing browser session.
[14112:14112:0217/195006.318973:ERROR:sandbox_linux.cc(364)] InitializeSandbox() called with multiple threads in process gpu-process.
[13999:14053:0217/195006.336023:ERROR:browser_process_sub_thread.cc(209)] Waited 7 ms for network service
Opening in existing browser session.
